<?xml version="1.0" encoding="UTF-8"?>
<!-- Generated by org.testng.reporters.JUnitReportReporter -->
<testsuite skipped="0" hostname="DESKTOP-PQILN7A" name="tests.TestEmployer" tests="1" failures="0" timestamp="21 Jun 2018 07:49:04 GMT" time="2.023" errors="0">
  <testcase name="testWithHoveOver" time="2.023" classname="tests.TestEmployer"/>
</testsuite> <!-- tests.TestEmployer -->
