<?xml version="1.0" encoding="UTF-8"?>
<!-- Generated by org.testng.reporters.JUnitReportReporter -->
<testsuite skipped="0" hostname="DESKTOP-PQILN7A" name="tests.TestdJobSearch" tests="1" failures="0" timestamp="21 Jun 2018 09:13:07 GMT" time="0.818" errors="0">
  <testcase name="testRandomSelectOption" time="0.818" classname="tests.TestdJobSearch"/>
</testsuite> <!-- tests.TestdJobSearch -->
